<?xml version="1.0" encoding="UTF-8"?>
<testng-results ignored="0" total="1" passed="1" failed="0" skipped="0">
  <reporter-output>
    <line>
      <![CDATA[Successfully Launched Chrome Browser]]>
    </line>
    <line>
      <![CDATA[Browser window is maximized successfully]]>
    </line>
  </reporter-output>
  <suite started-at="2022-07-05T12:44:11 IST" name="Default suite" finished-at="2022-07-05T12:44:17 IST" duration-ms="6446">
    <groups>
    </groups>
    <test started-at="2022-07-05T12:44:11 IST" name="Default test" finished-at="2022-07-05T12:44:17 IST" duration-ms="6446">
      <class name="leaveRequest.TC_01">
        <test-method is-config="true" signature="openApplication(java.lang.String)[pri:0, instance:leaveRequest.TC_01@795509d9]" started-at="2022-07-05T12:44:11 IST" name="openApplication" finished-at="2022-07-05T12:44:12 IST" duration-ms="1128" status="PASS">
          <params>
            <param index="0">
              <value>
                <![CDATA[chrome]]>
              </value>
            </param>
          </params>
          <reporter-output>
            <line>
              <![CDATA[Successfully Launched Chrome Browser]]>
            </line>
            <line>
              <![CDATA[Browser window is maximized successfully]]>
            </line>
          </reporter-output>
        </test-method> <!-- openApplication -->
        <test-method signature="login()[pri:0, instance:leaveRequest.TC_01@795509d9]" started-at="2022-07-05T12:44:12 IST" name="login" finished-at="2022-07-05T12:44:17 IST" duration-ms="5299" status="PASS">
          <reporter-output>
          </reporter-output>
        </test-method> <!-- login -->
      </class> <!-- leaveRequest.TC_01 -->
    </test> <!-- Default test -->
  </suite> <!-- Default suite -->
</testng-results>
